[admin.pixelstrap.com/poco/index.html]
[backblue.gif]
[fade.gif]
[index.html]
[admin.pixelstrap.com/poco/assets/images/favicon.png]
[admin.pixelstrap.com/poco/assets/css/fontawesome.css]
[admin.pixelstrap.com/poco/assets/css/icofont.css]
[admin.pixelstrap.com/poco/assets/css/themify.css]
[admin.pixelstrap.com/poco/assets/css/feather-icon.css]
[admin.pixelstrap.com/poco/assets/css/animate.css]
[admin.pixelstrap.com/poco/assets/css/bootstrap.css]
[admin.pixelstrap.com/poco/assets/css/responsive.css]
[admin.pixelstrap.com/poco/assets/images/logo/logo.png]
[admin.pixelstrap.com/poco/assets/css/style.css]
[admin.pixelstrap.com/poco/ltr/index.html]
[admin.pixelstrap.com/poco/assets/images/landing/home_3.png]
[admin.pixelstrap.com/poco/assets/images/landing/home_1.png]
[admin.pixelstrap.com/poco/assets/images/landing/home_2.png]
[admin.pixelstrap.com/poco/assets/images/landing/html.png]
[admin.pixelstrap.com/poco/assets/images/landing/laravel.png]
[admin.pixelstrap.com/poco/assets/images/landing/react.png]
[admin.pixelstrap.com/poco/assets/images/landing/angular.png]
[admin.pixelstrap.com/poco/assets/images/landing/vector_decore.png]
[admin.pixelstrap.com/poco/assets/images/landing/default.png]
[admin.pixelstrap.com/poco/assets/images/landing/rtl.png]
[admin.pixelstrap.com/poco/assets/images/landing/box.png]
[admin.pixelstrap.com/poco/assets/images/landing/dark.png]
[admin.pixelstrap.com/poco/assets/images/landing/dark_rtl.png]
[admin.pixelstrap.com/poco/assets/images/landing/dark_box.png]
[admin.pixelstrap.com/poco/assets/images/landing/v_1.png]
[admin.pixelstrap.com/poco/ltr/vertical.html]
[admin.pixelstrap.com/poco/assets/images/landing/v_2.png]
[admin.pixelstrap.com/poco/assets/images/landing/v_3.png]
[admin.pixelstrap.com/poco/ltr/dashboard-ecommerce.html]
[admin.pixelstrap.com/poco/assets/images/landing/ecommerce.png]
[admin.pixelstrap.com/poco/ltr/dashboard-crypto.html]
[admin.pixelstrap.com/poco/assets/images/landing/crypto.png]
[admin.pixelstrap.com/poco/assets/images/landing/1_1.png]
[admin.pixelstrap.com/poco/assets/images/landing/2_2.png]
[admin.pixelstrap.com/poco/assets/images/landing/3_3.png]
[admin.pixelstrap.com/poco/assets/images/landing/4_4.png]
[admin.pixelstrap.com/poco/assets/images/landing/5_5.png]
[admin.pixelstrap.com/poco/assets/images/landing/6_6.png]
[admin.pixelstrap.com/poco/assets/images/landing/7_7.png]
[admin.pixelstrap.com/poco/assets/images/landing/8_8.png]
[admin.pixelstrap.com/poco/ltr/product.html]
[admin.pixelstrap.com/poco/assets/images/landing/Ecommerce-2.png]
[admin.pixelstrap.com/poco/ltr/learning-list-view.html]
[admin.pixelstrap.com/poco/assets/images/landing/Learning.png]
[admin.pixelstrap.com/poco/ltr/social-app.html]
[admin.pixelstrap.com/poco/assets/images/landing/social.png]
[admin.pixelstrap.com/poco/ltr/calendar-basic.html]
[admin.pixelstrap.com/poco/assets/images/landing/cal.png]
[admin.pixelstrap.com/poco/ltr/chat.html]
[admin.pixelstrap.com/poco/assets/images/landing/chatapp.png]
[admin.pixelstrap.com/poco/ltr/job-cards-view.html]
[admin.pixelstrap.com/poco/assets/images/landing/job.png]
[admin.pixelstrap.com/poco/assets/images/landing/card.jpg]
[admin.pixelstrap.com/poco/assets/images/landing/sib-1.png]
[admin.pixelstrap.com/poco/assets/images/landing/squar.png]
[admin.pixelstrap.com/poco/assets/images/landing/ract.png]
[admin.pixelstrap.com/poco/assets/images/landing/round-3.png]
[admin.pixelstrap.com/poco/assets/images/landing/chat1.png]
[admin.pixelstrap.com/poco/ltr/learning-detailed.html]
[admin.pixelstrap.com/poco/assets/images/landing/detailed-course.png]
[admin.pixelstrap.com/poco/assets/images/landing/profile.png]
[admin.pixelstrap.com/poco/assets/js/jquery.min.js]
[admin.pixelstrap.com/poco/assets/js/bootstrap/popper.min.js]
[admin.pixelstrap.com/poco/assets/js/bootstrap/bootstrap.bundle.min.js]
[admin.pixelstrap.com/poco/assets/js/icons/feather-icon/feather.min.js]
[admin.pixelstrap.com/poco/assets/js/icons/feather-icon/feather-icon.js]
[admin.pixelstrap.com/poco/assets/js/sidebar-menu.js]
[admin.pixelstrap.com/poco/assets/js/config.js]
[admin.pixelstrap.com/poco/assets/js/script.js]
[admin.pixelstrap.com/poco/index.html]
[admin.pixelstrap.com/poco/assets/js/theme-customizer/customizer.js]
[admin.pixelstrap.com/poco/assets/fonts/font-awesome/fontawesome-webfont3e6e.eot]
[admin.pixelstrap.com/poco/assets/fonts/font-awesome/fontawesome-webfontd41d.eot]
[admin.pixelstrap.com/poco/assets/fonts/font-awesome/fontawesome-webfont3e6e.woff2]
[admin.pixelstrap.com/poco/assets/fonts/font-awesome/fontawesome-webfont3e6e.woff]
[admin.pixelstrap.com/poco/assets/fonts/font-awesome/fontawesome-webfont3e6e.ttf]
[admin.pixelstrap.com/poco/assets/css/fontawesome.css]
[admin.pixelstrap.com/poco/assets/fonts/font-awesome/fontawesome-webfont3e6e.svg]
[admin.pixelstrap.com/poco/assets/fonts/ico/icofont7858.eot]
[admin.pixelstrap.com/poco/assets/fonts/ico/icofont7858.ttf]
[admin.pixelstrap.com/poco/assets/fonts/ico/icofont7858.woff]
[admin.pixelstrap.com/poco/assets/css/icofont.css]
[admin.pixelstrap.com/poco/assets/fonts/themify/themify9f24.eot]
[admin.pixelstrap.com/poco/assets/fonts/themify/themifyd41d.eot]
[admin.pixelstrap.com/poco/assets/fonts/themify/themify9f24.woff]
[admin.pixelstrap.com/poco/assets/fonts/themify/themify9f24.ttf]
[admin.pixelstrap.com/poco/assets/css/themify.css]
[admin.pixelstrap.com/poco/assets/css/feather-icon.css]
[admin.pixelstrap.com/poco/assets/css/animate.css]
[admin.pixelstrap.com/poco/assets/css/bootstrap.css]
[admin.pixelstrap.com/poco/assets/fonts/themify/themify9f24.svg]
[admin.pixelstrap.com/poco/assets/images/other-images/maintenance-bg.jpg]
[admin.pixelstrap.com/poco/assets/images/other-images/bg-profile.png]
[admin.pixelstrap.com/poco/assets/images/other-images/login-bg.jpg]
[admin.pixelstrap.com/poco/assets/images/other-images/coming-soon-bg.jpg]
[admin.pixelstrap.com/poco/assets/fonts/ico/icofont7858.svg]
[admin.pixelstrap.com/poco/assets/images/details_open.png]
[admin.pixelstrap.com/poco/assets/images/details_close.png]
[admin.pixelstrap.com/poco/assets/images/landing/Footer-background.jpg]
[admin.pixelstrap.com/poco/assets/images/landing/background1.jpg]
[admin.pixelstrap.com/poco/assets/images/landing/unique-feature.jpg]
[admin.pixelstrap.com/poco/assets/images/landing/components-background.jpg]
[admin.pixelstrap.com/poco/assets/images/landing/counter-background.jpg]
[admin.pixelstrap.com/poco/assets/images/landing/Email-template_background.jpg]
[admin.pixelstrap.com/poco/assets/images/social-app/social-image.png]
[admin.pixelstrap.com/poco/assets/images/dashboard/popup.png]
[admin.pixelstrap.com/poco/assets/images/dashboard/whather_bg.jpg]
[admin.pixelstrap.com/poco/assets/images/dashboard/music.png]
[admin.pixelstrap.com/poco/assets/images/other-images/mobile-clock-wallpaper.jpg]
[admin.pixelstrap.com/poco/assets/images/other-images/clock-face.png]
[admin.pixelstrap.com/poco/assets/images/other-images/calender-bg.png]
[admin.pixelstrap.com/poco/assets/images/cursor.png]
[admin.pixelstrap.com/poco/assets/images/dashboard/bg.jpg]
[admin.pixelstrap.com/poco/assets/css/style.css]
[admin.pixelstrap.com/poco/assets/css/color-1.css]
[admin.pixelstrap.com/poco/assets/css/responsive.css]
[admin.pixelstrap.com/poco/assets/css/chartist.css]
[admin.pixelstrap.com/poco/assets/css/date-picker.css]
[admin.pixelstrap.com/poco/assets/css/prism.css]
[admin.pixelstrap.com/poco/assets/css/pe7-icon.css]
[admin.pixelstrap.com/poco/assets/images/dashboard/bookmark.png]
[admin.pixelstrap.com/poco/assets/images/dashboard/like.png]
[admin.pixelstrap.com/poco/assets/images/dashboard/notification.png]
[admin.pixelstrap.com/poco/assets/images/dashboard/chat.png]
[admin.pixelstrap.com/poco/assets/images/dashboard/user.png]
[admin.pixelstrap.com/poco/ltr/general-widget.html]
[admin.pixelstrap.com/poco/ltr/chart-widget.html]
[admin.pixelstrap.com/poco/starter-kit/index.html]
[admin.pixelstrap.com/poco/ltr/state-color.html]
[admin.pixelstrap.com/poco/ltr/typography.html]
[admin.pixelstrap.com/poco/ltr/buttons.html]
[admin.pixelstrap.com/poco/ltr/avatars.html]
[admin.pixelstrap.com/poco/ltr/helper-classes.html]
[admin.pixelstrap.com/poco/ltr/grid.html]
[admin.pixelstrap.com/poco/ltr/tag-pills.html]
[admin.pixelstrap.com/poco/ltr/progress-bar.html]
[admin.pixelstrap.com/poco/ltr/modal.html]
[admin.pixelstrap.com/poco/ltr/alert.html]
[admin.pixelstrap.com/poco/ltr/popover.html]
[admin.pixelstrap.com/poco/ltr/tooltip.html]
[admin.pixelstrap.com/poco/ltr/loader.html]
[admin.pixelstrap.com/poco/ltr/dropdown.html]
[admin.pixelstrap.com/poco/ltr/tab-bootstrap.html]
[admin.pixelstrap.com/poco/ltr/tab-material.html]
[admin.pixelstrap.com/poco/ltr/according.html]
[admin.pixelstrap.com/poco/ltr/navs.html]
[admin.pixelstrap.com/poco/ltr/list.html]
[admin.pixelstrap.com/poco/ltr/scrollable.html]
[admin.pixelstrap.com/poco/ltr/tree.html]
[admin.pixelstrap.com/poco/ltr/bootstrap-notify.html]
[admin.pixelstrap.com/poco/ltr/rating.html]
[admin.pixelstrap.com/poco/ltr/dropzone.html]
[admin.pixelstrap.com/poco/ltr/tour.html]
[admin.pixelstrap.com/poco/ltr/sweet-alert2.html]
[admin.pixelstrap.com/poco/ltr/modal-animated.html]
[admin.pixelstrap.com/poco/ltr/owl-carousel.html]
[admin.pixelstrap.com/poco/ltr/ribbons.html]
[admin.pixelstrap.com/poco/ltr/pagination.html]
[admin.pixelstrap.com/poco/ltr/steps.html]
[admin.pixelstrap.com/poco/ltr/breadcrumb.html]
[admin.pixelstrap.com/poco/ltr/range-slider.html]
[admin.pixelstrap.com/poco/ltr/image-cropper.html]
[admin.pixelstrap.com/poco/ltr/sticky.html]
[admin.pixelstrap.com/poco/ltr/font-awesome.html]
[admin.pixelstrap.com/poco/ltr/ico-icon.html]
[admin.pixelstrap.com/poco/ltr/themify-icon.html]
[admin.pixelstrap.com/poco/ltr/feather-icon.html]
[admin.pixelstrap.com/poco/ltr/whether-icon.html]
[admin.pixelstrap.com/poco/ltr/pe7-icon.html]
[admin.pixelstrap.com/poco/ltr/ionic-icon.html]
[admin.pixelstrap.com/poco/ltr/animate.html]
[admin.pixelstrap.com/poco/ltr/scroll-reval.html]
[admin.pixelstrap.com/poco/ltr/AOS.html]
[admin.pixelstrap.com/poco/ltr/tilt.html]
[admin.pixelstrap.com/poco/ltr/wow.html]
[admin.pixelstrap.com/poco/ltr/hide-on-scroll.html]
[admin.pixelstrap.com/poco/ltr/mega-menu.html]
[admin.pixelstrap.com/poco/ltr/fix-header.html]
[admin.pixelstrap.com/poco/ltr/fix-header&sidebar.html]
[admin.pixelstrap.com/poco/ltr/basic-card.html]
[admin.pixelstrap.com/poco/ltr/theme-card.html]
[admin.pixelstrap.com/poco/ltr/tabbed-card.html]
[admin.pixelstrap.com/poco/ltr/dragable-card.html]
[admin.pixelstrap.com/poco/ltr/button-builder.html]
[admin.pixelstrap.com/poco/ltr/form-builder-1.html]
[admin.pixelstrap.com/poco/ltr/form-validation.html]
[admin.pixelstrap.com/poco/ltr/base-input.html]
[admin.pixelstrap.com/poco/ltr/radio-checkbox-control.html]
[admin.pixelstrap.com/poco/ltr/input-group.html]
[admin.pixelstrap.com/poco/ltr/megaoptions.html]
[admin.pixelstrap.com/poco/ltr/datepicker.html]
[admin.pixelstrap.com/poco/ltr/time-picker.html]
[admin.pixelstrap.com/poco/ltr/datetimepicker.html]
[admin.pixelstrap.com/poco/ltr/daterangepicker.html]
[admin.pixelstrap.com/poco/ltr/touchspin.html]
[admin.pixelstrap.com/poco/ltr/select2.html]
[admin.pixelstrap.com/poco/ltr/switch.html]
[admin.pixelstrap.com/poco/ltr/typeahead.html]
[admin.pixelstrap.com/poco/ltr/clipboard.html]
[admin.pixelstrap.com/poco/ltr/default-form.html]
[admin.pixelstrap.com/poco/ltr/form-wizard.html]
[admin.pixelstrap.com/poco/ltr/form-wizard-two.html]
[admin.pixelstrap.com/poco/ltr/form-wizard-three.html]
[admin.pixelstrap.com/poco/ltr/form-wizard-four.html]
[admin.pixelstrap.com/poco/ltr/bootstrap-basic-table.html]
[admin.pixelstrap.com/poco/ltr/bootstrap-sizing-table.html]
[admin.pixelstrap.com/poco/ltr/bootstrap-border-table.html]
[admin.pixelstrap.com/poco/ltr/bootstrap-styling-table.html]
[admin.pixelstrap.com/poco/ltr/table-components.html]
[admin.pixelstrap.com/poco/ltr/datatable-basic-init.html]
[admin.pixelstrap.com/poco/ltr/datatable-advance.html]
[admin.pixelstrap.com/poco/ltr/datatable-styling.html]
[admin.pixelstrap.com/poco/ltr/datatable-AJAX.html]
[admin.pixelstrap.com/poco/ltr/datatable-server-side.html]
[admin.pixelstrap.com/poco/ltr/datatable-plugin.html]
[admin.pixelstrap.com/poco/ltr/datatable-API.html]
[admin.pixelstrap.com/poco/ltr/datatable-data-source.html]
[admin.pixelstrap.com/poco/ltr/datatable-ext-autofill.html]
[admin.pixelstrap.com/poco/ltr/datatable-ext-basic-button.html]
[admin.pixelstrap.com/poco/ltr/datatable-ext-col-reorder.html]
[admin.pixelstrap.com/poco/ltr/datatable-ext-fixed-header.html]
[admin.pixelstrap.com/poco/ltr/datatable-ext-html-5-data-export.html]
[admin.pixelstrap.com/poco/ltr/datatable-ext-key-table.html]
[admin.pixelstrap.com/poco/ltr/datatable-ext-responsive.html]
[admin.pixelstrap.com/poco/ltr/datatable-ext-row-reorder.html]
[admin.pixelstrap.com/poco/ltr/datatable-ext-scroller.html]
[admin.pixelstrap.com/poco/ltr/jsgrid-table.html]
[admin.pixelstrap.com/poco/ltr/chart-apex.html]
[admin.pixelstrap.com/poco/ltr/chart-google.html]
[admin.pixelstrap.com/poco/ltr/chart-sparkline.html]
[admin.pixelstrap.com/poco/ltr/chart-flot.html]
[admin.pixelstrap.com/poco/ltr/chart-knob.html]
[admin.pixelstrap.com/poco/ltr/chart-morris.html]
[admin.pixelstrap.com/poco/ltr/chartjs.html]
[admin.pixelstrap.com/poco/ltr/chartist.html]
[admin.pixelstrap.com/poco/ltr/chart-peity.html]
[admin.pixelstrap.com/poco/ltr/product-page.html]
[admin.pixelstrap.com/poco/ltr/list-products.html]
[admin.pixelstrap.com/poco/ltr/payment-details.html]
[admin.pixelstrap.com/poco/ltr/order-history.html]
[admin.pixelstrap.com/poco/ltr/invoice-template.html]
[admin.pixelstrap.com/poco/ltr/pricing.html]
[admin.pixelstrap.com/poco/ltr/blog-single.html]
[admin.pixelstrap.com/poco/ltr/add-post.html]
[admin.pixelstrap.com/poco/ltr/timeline-v-1.html]
[admin.pixelstrap.com/poco/ltr/timeline-v-2.html]
[admin.pixelstrap.com/poco/ltr/timeline-small.html]
[admin.pixelstrap.com/poco/ltr/blog.html]
[admin.pixelstrap.com/poco/ltr/gallery.html]
[admin.pixelstrap.com/poco/ltr/gallery-with-description.html]
[admin.pixelstrap.com/poco/ltr/gallery-masonry.html]
[admin.pixelstrap.com/poco/ltr/masonry-gallery-with-disc.html]
[admin.pixelstrap.com/poco/ltr/gallery-hover.html]
[admin.pixelstrap.com/poco/ltr/job-list-view.html]
[admin.pixelstrap.com/poco/ltr/job-details.html]
[admin.pixelstrap.com/poco/ltr/job-apply.html]
[admin.pixelstrap.com/poco/ltr/user-profile.html]
[admin.pixelstrap.com/poco/ltr/edit-profile.html]
[admin.pixelstrap.com/poco/ltr/user-cards.html]
[admin.pixelstrap.com/poco/ltr/email-application.html]
[admin.pixelstrap.com/poco/ltr/email-compose.html]
[admin.pixelstrap.com/poco/ltr/chat-video.html]
[admin.pixelstrap.com/poco/ltr/to-do.html]
[admin.pixelstrap.com/poco/ltr/summernote.html]
[admin.pixelstrap.com/poco/ltr/ckeditor.html]
[admin.pixelstrap.com/poco/ltr/simple-MDE.html]
[admin.pixelstrap.com/poco/ltr/ace-code-editor.html]
[admin.pixelstrap.com/poco/ltr/landing-page.html]
[admin.pixelstrap.com/poco/ltr/faq.html]
[admin.pixelstrap.com/poco/ltr/knowledgebase.html]
[admin.pixelstrap.com/poco/ltr/internationalization.html]
[admin.pixelstrap.com/poco/ltr/map-js.html]
[admin.pixelstrap.com/poco/ltr/vector-map.html]
[admin.pixelstrap.com/poco/ltr/sample-page.html]
[admin.pixelstrap.com/poco/ltr/support-ticket.html]
[admin.pixelstrap.com/poco/ltr/search.html]
[admin.pixelstrap.com/poco/ltr/error-400.html]
[admin.pixelstrap.com/poco/ltr/error-404.html]
[admin.pixelstrap.com/poco/ltr/error-500.html]
[admin.pixelstrap.com/poco/ltr/maintenance.html]
[admin.pixelstrap.com/poco/ltr/login.html]
[admin.pixelstrap.com/poco/ltr/signup.html]
[admin.pixelstrap.com/poco/ltr/forget-password.html]
[admin.pixelstrap.com/poco/ltr/comingsoon.html]
[admin.pixelstrap.com/poco/ltr/comingsoon-bg-video.html]
[admin.pixelstrap.com/poco/ltr/comingsoon-bg-img.html]
[admin.pixelstrap.com/poco/assets/images/user/1.jpg]
[admin.pixelstrap.com/poco/assets/images/user/2.jpg]
[admin.pixelstrap.com/poco/assets/images/user/8.jpg]
[admin.pixelstrap.com/poco/assets/images/user/4.jpg]
[admin.pixelstrap.com/poco/assets/images/user/5.jpg]
[admin.pixelstrap.com/poco/assets/images/user/6.jpg]
[admin.pixelstrap.com/poco/assets/images/user/7.jpg]
[admin.pixelstrap.com/poco/assets/images/cloud.png]
[admin.pixelstrap.com/poco/assets/images/dashboard/weather-image.png]
[admin.pixelstrap.com/poco/assets/images/dashboard/clipboard.png]
[admin.pixelstrap.com/poco/assets/images/dashboard/greeting.png]
[admin.pixelstrap.com/poco/assets/images/dashboard/recent-user-1.png]
[admin.pixelstrap.com/poco/assets/images/dashboard/recent-user-2.png]
[admin.pixelstrap.com/poco/assets/images/dashboard/recent-user-3.png]
[admin.pixelstrap.com/poco/assets/images/dashboard/recent-user-4.png]
[admin.pixelstrap.com/poco/assets/js/typeahead/handlebars.js]
[admin.pixelstrap.com/poco/assets/js/typeahead/typeahead.bundle.js]
[admin.pixelstrap.com/poco/assets/js/typeahead/typeahead.custom.js]
[admin.pixelstrap.com/poco/assets/js/typeahead-search/handlebars.js]
[admin.pixelstrap.com/poco/assets/js/typeahead-search/typeahead-custom.js]
[admin.pixelstrap.com/poco/assets/js/chart/chartist/chartist.js]
[admin.pixelstrap.com/poco/assets/js/chart/chartist/chartist-plugin-tooltip.js]
[admin.pixelstrap.com/poco/assets/js/chart/apex-chart/apex-chart.js]
[admin.pixelstrap.com/poco/assets/js/chart/apex-chart/stock-prices.js]
[admin.pixelstrap.com/poco/assets/js/prism/prism.min.js]
[admin.pixelstrap.com/poco/assets/js/clipboard/clipboard.min.js]
[admin.pixelstrap.com/poco/assets/js/counter/jquery.waypoints.min.js]
[admin.pixelstrap.com/poco/assets/js/counter/jquery.counterup.min.js]
[admin.pixelstrap.com/poco/assets/js/counter/counter-custom.js]
[admin.pixelstrap.com/poco/assets/js/custom-card/custom-card.js]
[admin.pixelstrap.com/poco/assets/js/notify/bootstrap-notify.min.js]
[admin.pixelstrap.com/poco/assets/js/dashboard/default.js]
[admin.pixelstrap.com/poco/assets/js/notify/index.js]
[admin.pixelstrap.com/poco/assets/js/datepicker/date-picker/datepicker.js]
[admin.pixelstrap.com/poco/assets/js/datepicker/date-picker/datepicker.en.js]
[admin.pixelstrap.com/poco/assets/js/datepicker/date-picker/datepicker.custom.js]
[admin.pixelstrap.com/poco/assets/js/chat-menu.js]
[admin.pixelstrap.com/poco/ltr/index.html]
[admin.pixelstrap.com/poco/assets/css/vertical-menu.css]
[admin.pixelstrap.com/poco/index-2.html]
[admin.pixelstrap.com/poco/assets/js/jquery.drilldown.js]
[admin.pixelstrap.com/poco/assets/js/vertical-menu.js]
[admin.pixelstrap.com/poco/assets/js/megamenu.js]
[admin.pixelstrap.com/poco/ltr/vertical.html]
[admin.pixelstrap.com/poco/assets/images/dashboard-ecommerce/1.png]
[admin.pixelstrap.com/poco/assets/images/dashboard-ecommerce/2.png]
[admin.pixelstrap.com/poco/assets/images/dashboard-ecommerce/3.png]
[admin.pixelstrap.com/poco/assets/images/dashboard-ecommerce/4.png]
[admin.pixelstrap.com/poco/assets/images/dashboard-ecommerce/watch.png]
[admin.pixelstrap.com/poco/ltr/dashboard-ecommerce.html]
[admin.pixelstrap.com/poco/assets/js/dashboard/ecommerce-custom.js]
[admin.pixelstrap.com/poco/assets/css/owlcarousel.css]
[admin.pixelstrap.com/poco/assets/css/tour.css]
[admin.pixelstrap.com/poco/assets/js/owlcarousel/owl.carousel.js]
[admin.pixelstrap.com/poco/assets/js/dashboard/crypto-custom.js]
[admin.pixelstrap.com/poco/assets/js/tour/intro.js]
[admin.pixelstrap.com/poco/assets/js/tour/intro-init.js]
[admin.pixelstrap.com/poco/assets/js/height-equal.js]
[admin.pixelstrap.com/poco/ltr/dashboard-crypto.html]
[admin.pixelstrap.com/poco/assets/images/ecommerce/01.jpg]
[admin.pixelstrap.com/poco/assets/images/ecommerce/02.jpg]
[admin.pixelstrap.com/poco/assets/images/ecommerce/03.jpg]
[admin.pixelstrap.com/poco/assets/images/ecommerce/04.jpg]
[admin.pixelstrap.com/poco/assets/images/ecommerce/05.jpg]
[admin.pixelstrap.com/poco/assets/images/ecommerce/06.jpg]
[admin.pixelstrap.com/poco/assets/images/ecommerce/07.jpg]
[admin.pixelstrap.com/poco/assets/images/ecommerce/08.jpg]
[admin.pixelstrap.com/poco/assets/images/ecommerce/09.jpg]
[admin.pixelstrap.com/poco/assets/images/ecommerce/10.jpg]
[admin.pixelstrap.com/poco/assets/images/ecommerce/11.jpg]
[admin.pixelstrap.com/poco/assets/images/ecommerce/12.jpg]
[admin.pixelstrap.com/poco/ltr/product.html]
[admin.pixelstrap.com/poco/assets/images/faq/1.jpg]
[admin.pixelstrap.com/poco/assets/images/faq/2.jpg]
[admin.pixelstrap.com/poco/assets/images/faq/3.jpg]
[admin.pixelstrap.com/poco/assets/images/faq/4.jpg]
[admin.pixelstrap.com/poco/ltr/learning-list-view.html]
[admin.pixelstrap.com/poco/assets/css/photoswipe.css]
[admin.pixelstrap.com/poco/assets/images/user/3.jpg]
[admin.pixelstrap.com/poco/assets/images/user/2.png]
[admin.pixelstrap.com/poco/assets/images/user/11.png]
[admin.pixelstrap.com/poco/assets/images/social-app/timeline-3.png]
[admin.pixelstrap.com/poco/assets/images/user/10.jpg]
[admin.pixelstrap.com/poco/assets/images/user/14.png]
[admin.pixelstrap.com/poco/assets/images/user/3.png]
[admin.pixelstrap.com/poco/assets/images/social-app/timeline-1.png]
[admin.pixelstrap.com/poco/assets/images/social-app/timeline-2.png]
[admin.pixelstrap.com/poco/assets/images/social-app/post-1.png]
[admin.pixelstrap.com/poco/assets/images/social-app/post-2.png]
[admin.pixelstrap.com/poco/assets/images/social-app/post-3.png]
[admin.pixelstrap.com/poco/assets/images/social-app/post-4.png]
[admin.pixelstrap.com/poco/assets/images/social-app/post-5.png]
[admin.pixelstrap.com/poco/assets/images/social-app/post-6.png]
[admin.pixelstrap.com/poco/assets/images/social-app/post-7.png]
[admin.pixelstrap.com/poco/assets/images/social-app/post-8.png]
[admin.pixelstrap.com/poco/assets/images/social-app/post-9.png]
[admin.pixelstrap.com/poco/assets/images/social-app/timeline-4.png]
[admin.pixelstrap.com/poco/assets/images/user-card/1.jpg]
[admin.pixelstrap.com/poco/assets/images/avtar/3.jpg]
[admin.pixelstrap.com/poco/assets/images/user-card/2.jpg]
[admin.pixelstrap.com/poco/assets/images/avtar/16.jpg]
[admin.pixelstrap.com/poco/assets/images/user-card/3.jpg]
[admin.pixelstrap.com/poco/assets/images/avtar/11.jpg]
[admin.pixelstrap.com/poco/assets/images/user-card/7.jpg]
[admin.pixelstrap.com/poco/assets/images/user-card/5.jpg]
[admin.pixelstrap.com/poco/assets/images/user-card/6.jpg]
[admin.pixelstrap.com/poco/assets/images/big-lightgallry/01.jpg]
[admin.pixelstrap.com/poco/assets/images/lightgallry/01.jpg]
[admin.pixelstrap.com/poco/assets/images/big-lightgallry/02.jpg]
[admin.pixelstrap.com/poco/assets/images/lightgallry/02.jpg]
[admin.pixelstrap.com/poco/assets/images/big-lightgallry/03.jpg]
[admin.pixelstrap.com/poco/assets/images/lightgallry/03.jpg]
[admin.pixelstrap.com/poco/assets/images/big-lightgallry/04.jpg]
[admin.pixelstrap.com/poco/assets/images/lightgallry/04.jpg]
[admin.pixelstrap.com/poco/assets/images/big-lightgallry/05.jpg]
[admin.pixelstrap.com/poco/assets/images/lightgallry/05.jpg]
[admin.pixelstrap.com/poco/assets/images/big-lightgallry/011.jpg]
[admin.pixelstrap.com/poco/assets/images/lightgallry/011.jpg]
[admin.pixelstrap.com/poco/assets/images/big-lightgallry/010.jpg]
[admin.pixelstrap.com/poco/assets/images/lightgallry/010.jpg]
[admin.pixelstrap.com/poco/assets/images/big-lightgallry/08.jpg]
[admin.pixelstrap.com/poco/assets/images/lightgallry/08.jpg]
[admin.pixelstrap.com/poco/assets/js/photoswipe/photoswipe.min.js]
[admin.pixelstrap.com/poco/assets/js/photoswipe/photoswipe-ui-default.min.js]
[admin.pixelstrap.com/poco/assets/js/photoswipe/photoswipe.js]
[admin.pixelstrap.com/poco/assets/js/tooltip-init.js]
[admin.pixelstrap.com/poco/ltr/social-app.html]
[admin.pixelstrap.com/poco/assets/css/calendar.css]
[admin.pixelstrap.com/poco/assets/js/calendar/tui-code-snippet.min.js]
[admin.pixelstrap.com/poco/assets/js/calendar/tui-time-picker.min.js]
[admin.pixelstrap.com/poco/assets/js/calendar/tui-date-picker.min.js]
[admin.pixelstrap.com/poco/assets/js/calendar/moment.min.js]
[admin.pixelstrap.com/poco/assets/js/calendar/chance.min.js]
[admin.pixelstrap.com/poco/assets/js/calendar/tui-calendar.js]
[admin.pixelstrap.com/poco/assets/js/calendar/schedules.js]
[admin.pixelstrap.com/poco/ltr/calendar-basic.html]
[admin.pixelstrap.com/poco/assets/js/calendar/app.js]
[admin.pixelstrap.com/poco/assets/images/user/12.png]
[admin.pixelstrap.com/poco/assets/images/smiley.png]
[admin.pixelstrap.com/poco/assets/js/fullscreen.js]
[admin.pixelstrap.com/poco/ltr/chat.html]
[admin.pixelstrap.com/poco/assets/images/job-search/1.jpg]
[admin.pixelstrap.com/poco/assets/images/job-search/2.jpg]
[admin.pixelstrap.com/poco/assets/images/job-search/3.jpg]
[admin.pixelstrap.com/poco/assets/images/job-search/4.jpg]
[admin.pixelstrap.com/poco/ltr/job-cards-view.html]
[admin.pixelstrap.com/poco/ltr/learning-detailed.html]
[admin.pixelstrap.com/poco/assets/fonts/font-awesome/fontawesome-webfont3e6e.svg]
[admin.pixelstrap.com/poco/assets/fonts/ico/icofont7858.svg]
[admin.pixelstrap.com/poco/assets/fonts/themify/themify9f24.svg]
[admin.pixelstrap.com/poco/assets/assets/images/landing/footer-bg.html]
[admin.pixelstrap.com/poco/assets/images/landing/bg_gallery.html]
[admin.pixelstrap.com/poco/assets/images/sec.svg]
[admin.pixelstrap.com/poco/assets/images/min.svg]
[admin.pixelstrap.com/poco/assets/images/hour.svg]
[admin.pixelstrap.com/poco/assets/css/chartist.css]
[admin.pixelstrap.com/poco/assets/css/date-picker.css]
[admin.pixelstrap.com/poco/assets/css/prism.css]
[admin.pixelstrap.com/poco/assets/css/pe7-icon.css]
[admin.pixelstrap.com/poco/ltr/general-widget.html]
[admin.pixelstrap.com/poco/ltr/chart-widget.html]
[admin.pixelstrap.com/poco/starter-kit/index.html]
[admin.pixelstrap.com/poco/ltr/state-color.html]
[admin.pixelstrap.com/poco/ltr/typography.html]
[admin.pixelstrap.com/poco/ltr/buttons.html]
[admin.pixelstrap.com/poco/ltr/avatars.html]
[admin.pixelstrap.com/poco/ltr/helper-classes.html]
[admin.pixelstrap.com/poco/ltr/grid.html]
[admin.pixelstrap.com/poco/ltr/tag-pills.html]
[admin.pixelstrap.com/poco/ltr/progress-bar.html]
[admin.pixelstrap.com/poco/ltr/modal.html]
[admin.pixelstrap.com/poco/ltr/alert.html]
[admin.pixelstrap.com/poco/ltr/popover.html]
[admin.pixelstrap.com/poco/ltr/tooltip.html]
[admin.pixelstrap.com/poco/ltr/loader.html]
[admin.pixelstrap.com/poco/ltr/dropdown.html]
[admin.pixelstrap.com/poco/ltr/tab-bootstrap.html]
[admin.pixelstrap.com/poco/ltr/tab-material.html]
[admin.pixelstrap.com/poco/ltr/according.html]
[admin.pixelstrap.com/poco/ltr/navs.html]
[admin.pixelstrap.com/poco/ltr/list.html]
[admin.pixelstrap.com/poco/ltr/scrollable.html]
[admin.pixelstrap.com/poco/ltr/tree.html]
[admin.pixelstrap.com/poco/ltr/bootstrap-notify.html]
[admin.pixelstrap.com/poco/ltr/rating.html]
[admin.pixelstrap.com/poco/ltr/dropzone.html]
[admin.pixelstrap.com/poco/ltr/tour.html]
[admin.pixelstrap.com/poco/ltr/sweet-alert2.html]
[admin.pixelstrap.com/poco/ltr/modal-animated.html]
[admin.pixelstrap.com/poco/ltr/owl-carousel.html]
[admin.pixelstrap.com/poco/ltr/ribbons.html]
[admin.pixelstrap.com/poco/ltr/pagination.html]
[admin.pixelstrap.com/poco/ltr/steps.html]
[admin.pixelstrap.com/poco/ltr/breadcrumb.html]
[admin.pixelstrap.com/poco/ltr/range-slider.html]
[admin.pixelstrap.com/poco/ltr/image-cropper.html]
[admin.pixelstrap.com/poco/ltr/sticky.html]
[admin.pixelstrap.com/poco/ltr/font-awesome.html]
[admin.pixelstrap.com/poco/ltr/ico-icon.html]
[admin.pixelstrap.com/poco/ltr/themify-icon.html]
[admin.pixelstrap.com/poco/ltr/feather-icon.html]
[admin.pixelstrap.com/poco/ltr/whether-icon.html]
[admin.pixelstrap.com/poco/ltr/pe7-icon.html]
[admin.pixelstrap.com/poco/ltr/ionic-icon.html]
[admin.pixelstrap.com/poco/ltr/animate.html]
[admin.pixelstrap.com/poco/ltr/scroll-reval.html]
[admin.pixelstrap.com/poco/ltr/AOS.html]
[admin.pixelstrap.com/poco/ltr/tilt.html]
[admin.pixelstrap.com/poco/ltr/wow.html]
[admin.pixelstrap.com/poco/ltr/hide-on-scroll.html]
[admin.pixelstrap.com/poco/ltr/mega-menu.html]
[admin.pixelstrap.com/poco/ltr/fix-header.html]
[admin.pixelstrap.com/poco/ltr/fix-header&sidebar.html]
[admin.pixelstrap.com/poco/ltr/basic-card.html]
[admin.pixelstrap.com/poco/ltr/theme-card.html]
[admin.pixelstrap.com/poco/ltr/tabbed-card.html]
[admin.pixelstrap.com/poco/ltr/dragable-card.html]
[admin.pixelstrap.com/poco/ltr/button-builder.html]
[admin.pixelstrap.com/poco/ltr/form-builder-1.html]
[admin.pixelstrap.com/poco/ltr/form-validation.html]
[admin.pixelstrap.com/poco/ltr/base-input.html]
[admin.pixelstrap.com/poco/ltr/radio-checkbox-control.html]
[admin.pixelstrap.com/poco/ltr/input-group.html]
[admin.pixelstrap.com/poco/ltr/megaoptions.html]
[admin.pixelstrap.com/poco/ltr/datepicker.html]
[admin.pixelstrap.com/poco/ltr/time-picker.html]
[admin.pixelstrap.com/poco/ltr/datetimepicker.html]
[admin.pixelstrap.com/poco/ltr/daterangepicker.html]
[admin.pixelstrap.com/poco/ltr/touchspin.html]
[admin.pixelstrap.com/poco/ltr/select2.html]
[admin.pixelstrap.com/poco/ltr/switch.html]
[admin.pixelstrap.com/poco/ltr/typeahead.html]
[admin.pixelstrap.com/poco/ltr/clipboard.html]
[admin.pixelstrap.com/poco/ltr/default-form.html]
[admin.pixelstrap.com/poco/ltr/form-wizard.html]
[admin.pixelstrap.com/poco/ltr/form-wizard-two.html]
[admin.pixelstrap.com/poco/ltr/form-wizard-three.html]
[admin.pixelstrap.com/poco/ltr/form-wizard-four.html]
[admin.pixelstrap.com/poco/ltr/bootstrap-basic-table.html]
[admin.pixelstrap.com/poco/ltr/bootstrap-sizing-table.html]
[admin.pixelstrap.com/poco/ltr/bootstrap-border-table.html]
[admin.pixelstrap.com/poco/ltr/bootstrap-styling-table.html]
[admin.pixelstrap.com/poco/ltr/table-components.html]
[admin.pixelstrap.com/poco/ltr/datatable-basic-init.html]
[admin.pixelstrap.com/poco/ltr/datatable-advance.html]
[admin.pixelstrap.com/poco/ltr/datatable-styling.html]
[admin.pixelstrap.com/poco/ltr/datatable-AJAX.html]
[admin.pixelstrap.com/poco/ltr/datatable-server-side.html]
[admin.pixelstrap.com/poco/ltr/datatable-plugin.html]
[admin.pixelstrap.com/poco/ltr/datatable-API.html]
[admin.pixelstrap.com/poco/ltr/datatable-data-source.html]
[admin.pixelstrap.com/poco/ltr/datatable-ext-autofill.html]
[admin.pixelstrap.com/poco/ltr/datatable-ext-basic-button.html]
[admin.pixelstrap.com/poco/ltr/datatable-ext-col-reorder.html]
[admin.pixelstrap.com/poco/ltr/datatable-ext-fixed-header.html]
[admin.pixelstrap.com/poco/ltr/datatable-ext-html-5-data-export.html]
[admin.pixelstrap.com/poco/ltr/datatable-ext-key-table.html]
[admin.pixelstrap.com/poco/ltr/datatable-ext-responsive.html]
[admin.pixelstrap.com/poco/ltr/datatable-ext-row-reorder.html]
[admin.pixelstrap.com/poco/ltr/datatable-ext-scroller.html]
[admin.pixelstrap.com/poco/ltr/jsgrid-table.html]
[admin.pixelstrap.com/poco/ltr/chart-apex.html]
[admin.pixelstrap.com/poco/ltr/chart-google.html]
[admin.pixelstrap.com/poco/ltr/chart-sparkline.html]
[admin.pixelstrap.com/poco/ltr/chart-flot.html]
[admin.pixelstrap.com/poco/ltr/chart-knob.html]
[admin.pixelstrap.com/poco/ltr/chart-morris.html]
[admin.pixelstrap.com/poco/ltr/chartjs.html]
[admin.pixelstrap.com/poco/ltr/chartist.html]
[admin.pixelstrap.com/poco/ltr/chart-peity.html]
[admin.pixelstrap.com/poco/ltr/product-page.html]
[admin.pixelstrap.com/poco/ltr/list-products.html]
[admin.pixelstrap.com/poco/ltr/payment-details.html]
[admin.pixelstrap.com/poco/ltr/order-history.html]
[admin.pixelstrap.com/poco/ltr/invoice-template.html]
[admin.pixelstrap.com/poco/ltr/pricing.html]
[admin.pixelstrap.com/poco/ltr/blog.html]
[admin.pixelstrap.com/poco/ltr/blog-single.html]
[admin.pixelstrap.com/poco/ltr/add-post.html]
[admin.pixelstrap.com/poco/ltr/timeline-v-1.html]
[admin.pixelstrap.com/poco/ltr/timeline-v-2.html]
[admin.pixelstrap.com/poco/ltr/timeline-small.html]
[admin.pixelstrap.com/poco/ltr/gallery.html]
[admin.pixelstrap.com/poco/ltr/gallery-with-description.html]
[admin.pixelstrap.com/poco/ltr/gallery-masonry.html]
[admin.pixelstrap.com/poco/ltr/masonry-gallery-with-disc.html]
[admin.pixelstrap.com/poco/ltr/gallery-hover.html]
[admin.pixelstrap.com/poco/ltr/job-list-view.html]
[admin.pixelstrap.com/poco/ltr/job-details.html]
[admin.pixelstrap.com/poco/ltr/job-apply.html]
[admin.pixelstrap.com/poco/ltr/user-profile.html]
[admin.pixelstrap.com/poco/ltr/edit-profile.html]
[admin.pixelstrap.com/poco/ltr/user-cards.html]
[admin.pixelstrap.com/poco/ltr/email-application.html]
[admin.pixelstrap.com/poco/ltr/email-compose.html]
[admin.pixelstrap.com/poco/ltr/chat-video.html]
[admin.pixelstrap.com/poco/ltr/to-do.html]
[admin.pixelstrap.com/poco/ltr/summernote.html]
[admin.pixelstrap.com/poco/ltr/ckeditor.html]
[admin.pixelstrap.com/poco/ltr/simple-MDE.html]
[admin.pixelstrap.com/poco/ltr/ace-code-editor.html]
[admin.pixelstrap.com/poco/ltr/landing-page.html]
[admin.pixelstrap.com/poco/ltr/faq.html]
[admin.pixelstrap.com/poco/ltr/knowledgebase.html]
[admin.pixelstrap.com/poco/ltr/internationalization.html]
[admin.pixelstrap.com/poco/ltr/map-js.html]
[admin.pixelstrap.com/poco/ltr/vector-map.html]
[admin.pixelstrap.com/poco/ltr/sample-page.html]
[admin.pixelstrap.com/poco/ltr/support-ticket.html]
[admin.pixelstrap.com/poco/ltr/search.html]
[admin.pixelstrap.com/poco/ltr/error-400.html]
[admin.pixelstrap.com/poco/ltr/error-404.html]
[admin.pixelstrap.com/poco/ltr/error-500.html]
[admin.pixelstrap.com/poco/ltr/maintenance.html]
[admin.pixelstrap.com/poco/ltr/login.html]
[admin.pixelstrap.com/poco/ltr/signup.html]
[admin.pixelstrap.com/poco/ltr/forget-password.html]
[admin.pixelstrap.com/poco/ltr/comingsoon.html]
[admin.pixelstrap.com/poco/ltr/comingsoon-bg-video.html]
[admin.pixelstrap.com/poco/ltr/comingsoon-bg-img.html]
[admin.pixelstrap.com/poco/assets/css/vertical-menu.css]
[admin.pixelstrap.com/poco/ltr/calendar.html]
[admin.pixelstrap.com/poco/ltr/calendar-event.html]
[admin.pixelstrap.com/poco/ltr/calendar-advanced.html]
[admin.pixelstrap.com/poco/index-2.html]
[admin.pixelstrap.com/poco/assets/css/owlcarousel.css]
[admin.pixelstrap.com/poco/assets/css/tour.css]
[admin.pixelstrap.com/poco/assets/css/photoswipe.css]
[admin.pixelstrap.com/poco/assets/css/calendar.css]
[admin.pixelstrap.com/poco/assets/css/ionic-icon.css]
[admin.pixelstrap.com/poco/assets/js/calendar/calendars.js]
[admin.pixelstrap.com/poco/assets/images/job-search/5.jpg]
[admin.pixelstrap.com/poco/assets/images/job-search/6.jpg]
[admin.pixelstrap.com/poco/assets/images/faq/learning-1.png]
[admin.pixelstrap.com/poco/assets/images/blog/comment.jpg]
[admin.pixelstrap.com/poco/assets/images/blog/9.jpg]
[admin.pixelstrap.com/poco/assets/images/blog/4.jpg]
[admin.pixelstrap.com/poco/assets/fonts/pe7-icon/Pe-icon-7-strokebb1d.eot]
[admin.pixelstrap.com/poco/assets/fonts/pe7-icon/Pe-icon-7-stroked41d.eot]
[admin.pixelstrap.com/poco/assets/fonts/pe7-icon/Pe-icon-7-strokebb1d.woff]
[admin.pixelstrap.com/poco/assets/fonts/pe7-icon/Pe-icon-7-strokebb1d.ttf]
[admin.pixelstrap.com/poco/assets/fonts/pe7-icon/Pe-icon-7-strokebb1d.svg]
[admin.pixelstrap.com/poco/assets/css/whether-icon.css]
[admin.pixelstrap.com/poco/assets/images/dashboard/pc.png]
[admin.pixelstrap.com/poco/assets/images/dashboard/tab.png]
[admin.pixelstrap.com/poco/assets/images/dashboard/mobile.png]
[admin.pixelstrap.com/poco/assets/js/general-widget.js]
[admin.pixelstrap.com/poco/assets/js/chart-widget.js]
[admin.pixelstrap.com/poco/starter-kit/layout-dark.html]
[admin.pixelstrap.com/poco/starter-kit/sidebar-fixed.html]
[admin.pixelstrap.com/poco/starter-kit/boxed.html]
[admin.pixelstrap.com/poco/starter-kit/layout-rtl.html]
[admin.pixelstrap.com/poco/starter-kit/vertical.html]
[admin.pixelstrap.com/poco/starter-kit/mega-menu.html]
[admin.pixelstrap.com/poco/starter-kit/fix-header.html]
[admin.pixelstrap.com/poco/starter-kit/fix-header-sidebar.html]
[admin.pixelstrap.com/poco/document/index.html]
[admin.pixelstrap.com/poco/document/review.html]
[admin.pixelstrap.com/poco/document/change-log.html]
[admin.pixelstrap.com/poco/assets/js/button-tooltip-custom.js]
[admin.pixelstrap.com/poco/assets/images/user/16.png]
[admin.pixelstrap.com/poco/assets/js/popover-custom.js]
[admin.pixelstrap.com/poco/assets/css/scrollable.css]
[admin.pixelstrap.com/poco/assets/images/banner/2.jpg]
[admin.pixelstrap.com/poco/assets/images/banner/3.jpg]
[admin.pixelstrap.com/poco/assets/images/banner/1.jpg]
[admin.pixelstrap.com/poco/assets/js/scrollable/perfect-scrollbar.min.js]
[admin.pixelstrap.com/poco/assets/js/scrollable/scrollable-custom.js]
[admin.pixelstrap.com/poco/assets/css/tree.css]
[admin.pixelstrap.com/poco/assets/js/tree/jstree.min.js]
[admin.pixelstrap.com/poco/assets/js/tree/tree.js]
[admin.pixelstrap.com/poco/assets/js/notify/notify-script.js]
[admin.pixelstrap.com/poco/assets/css/rating.css]
[admin.pixelstrap.com/poco/assets/js/rating/jquery.barrating.js]
[admin.pixelstrap.com/poco/assets/js/rating/rating-script.js]
[admin.pixelstrap.com/poco/assets/css/dropzone.css]
[admin.pixelstrap.com/poco/assets/js/dropzone/dropzone.js]
[admin.pixelstrap.com/poco/assets/js/dropzone/dropzone-script.js]
[admin.pixelstrap.com/poco/assets/images/other-images/profile-style-img3.png]
[admin.pixelstrap.com/poco/assets/images/other-images/profile-style-img.png]
[admin.pixelstrap.com/poco/assets/images/blog/img.png]
[admin.pixelstrap.com/poco/assets/css/sweetalert2.css]
[admin.pixelstrap.com/poco/assets/js/sweet-alert/sweetalert.min.js]
[admin.pixelstrap.com/poco/assets/js/sweet-alert/app.js]
[admin.pixelstrap.com/poco/assets/js/modal-animated.js]
[admin.pixelstrap.com/poco/assets/images/slider/1.jpg]
[admin.pixelstrap.com/poco/assets/images/slider/2.jpg]
[admin.pixelstrap.com/poco/assets/images/slider/3.jpg]
[admin.pixelstrap.com/poco/assets/images/slider/4.jpg]
[admin.pixelstrap.com/poco/assets/images/slider/5.jpg]
[admin.pixelstrap.com/poco/assets/images/slider/6.jpg]
[admin.pixelstrap.com/poco/assets/images/slider/7.jpg]
[admin.pixelstrap.com/poco/assets/images/slider/8.jpg]
[admin.pixelstrap.com/poco/assets/images/slider/9.jpg]
[admin.pixelstrap.com/poco/assets/images/slider/10.jpg]
[admin.pixelstrap.com/poco/assets/images/slider/11.jpg]
[admin.pixelstrap.com/poco/assets/images/slider-auto-width/11.jpg]
[admin.pixelstrap.com/poco/assets/images/slider-auto-width/12.jpg]
[admin.pixelstrap.com/poco/assets/images/slider-auto-width/13.jpg]
[admin.pixelstrap.com/poco/assets/images/slider-auto-width/14.jpg]
[admin.pixelstrap.com/poco/assets/images/slider-auto-width/15.jpg]
[admin.pixelstrap.com/poco/assets/js/owlcarousel/owl-custom.js]
[admin.pixelstrap.com/poco/assets/css/range-slider.css]
[admin.pixelstrap.com/poco/assets/js/range-slider/ion.rangeSlider.min.js]
[admin.pixelstrap.com/poco/assets/js/range-slider/rangeslider-script.js]
[admin.pixelstrap.com/poco/assets/css/image-cropper.css]
[admin.pixelstrap.com/poco/assets/images/other-images/img-cropper.jpg]
[admin.pixelstrap.com/poco/ltr/cropped.jpg]
[admin.pixelstrap.com/poco/assets/js/image-cropper/cropper.js]
[admin.pixelstrap.com/poco/assets/js/image-cropper/cropper-main.js]
[admin.pixelstrap.com/poco/assets/css/sticky.css]
[admin.pixelstrap.com/poco/assets/js/jquery.ui.min.js]
[admin.pixelstrap.com/poco/assets/js/sticky/sticky.js]
[admin.pixelstrap.com/poco/assets/js/icons/icons-notify.js]
[admin.pixelstrap.com/poco/assets/js/icons/icon-clipart.js]
[admin.pixelstrap.com/poco/assets/js/icons/feather-icon/feather-icon-clipart.js]
[admin.pixelstrap.com/poco/assets/js/icons/whether-icon-clipart.js]
[admin.pixelstrap.com/poco/assets/js/animation/animate-custom.js]
[admin.pixelstrap.com/poco/assets/images/big-lightgallry/06.jpg]
[admin.pixelstrap.com/poco/assets/images/lightgallry/06.jpg]
[admin.pixelstrap.com/poco/assets/images/big-lightgallry/07.jpg]
[admin.pixelstrap.com/poco/assets/images/lightgallry/07.jpg]
[admin.pixelstrap.com/poco/assets/images/big-lightgallry/09.jpg]
[admin.pixelstrap.com/poco/assets/images/lightgallry/09.jpg]
[admin.pixelstrap.com/poco/assets/images/big-lightgallry/012.jpg]
[admin.pixelstrap.com/poco/assets/images/lightgallry/012.jpg]
[admin.pixelstrap.com/poco/assets/images/big-lightgallry/013.jpg]
[admin.pixelstrap.com/poco/assets/images/lightgallry/013.jpg]
[admin.pixelstrap.com/poco/assets/images/big-lightgallry/014.jpg]
[admin.pixelstrap.com/poco/assets/images/lightgallry/014.jpg]
[admin.pixelstrap.com/poco/assets/images/big-lightgallry/015.jpg]
[admin.pixelstrap.com/poco/assets/images/lightgallry/015.jpg]
[admin.pixelstrap.com/poco/assets/images/big-lightgallry/016.jpg]
[admin.pixelstrap.com/poco/assets/images/lightgallry/016.jpg]
[admin.pixelstrap.com/poco/assets/js/animation/scroll-reveal/scrollreveal.min.js]
[admin.pixelstrap.com/poco/assets/js/modernizr.js]
[admin.pixelstrap.com/poco/assets/js/animation/scroll-reveal/reveal-custom.js]
[admin.pixelstrap.com/poco/assets/css/aos.css]
[admin.pixelstrap.com/poco/assets/images/big-masonry/1.jpg]
[admin.pixelstrap.com/poco/assets/images/masonry/1.jpg]
[admin.pixelstrap.com/poco/assets/images/big-masonry/2.jpg]
[admin.pixelstrap.com/poco/assets/images/masonry/2.jpg]
[admin.pixelstrap.com/poco/assets/images/big-masonry/3.jpg]
[admin.pixelstrap.com/poco/assets/images/masonry/3.jpg]
[admin.pixelstrap.com/poco/assets/images/big-masonry/4.jpg]
[admin.pixelstrap.com/poco/assets/images/masonry/4.jpg]
[admin.pixelstrap.com/poco/assets/images/big-masonry/5.jpg]
[admin.pixelstrap.com/poco/assets/images/masonry/5.jpg]
[admin.pixelstrap.com/poco/assets/images/big-masonry/6.jpg]
[admin.pixelstrap.com/poco/assets/images/masonry/6.jpg]
[admin.pixelstrap.com/poco/assets/images/big-masonry/7.jpg]
[admin.pixelstrap.com/poco/assets/images/masonry/7.jpg]
[admin.pixelstrap.com/poco/assets/images/big-masonry/8.jpg]
[admin.pixelstrap.com/poco/assets/images/masonry/8.jpg]
[admin.pixelstrap.com/poco/assets/images/big-masonry/9.jpg]
[admin.pixelstrap.com/poco/assets/images/masonry/9.jpg]
[admin.pixelstrap.com/poco/assets/images/big-masonry/10.jpg]
[admin.pixelstrap.com/poco/assets/images/masonry/10.jpg]
[admin.pixelstrap.com/poco/assets/images/big-masonry/11.jpg]
[admin.pixelstrap.com/poco/assets/images/masonry/11.jpg]
[admin.pixelstrap.com/poco/assets/images/big-masonry/12.jpg]
[admin.pixelstrap.com/poco/assets/images/masonry/12.jpg]
[admin.pixelstrap.com/poco/assets/images/big-masonry/14.jpg]
[admin.pixelstrap.com/poco/assets/images/masonry/14.jpg]
[admin.pixelstrap.com/poco/assets/images/big-masonry/15.jpg]
[admin.pixelstrap.com/poco/assets/images/masonry/15.jpg]
[admin.pixelstrap.com/poco/assets/images/big-masonry/13.jpg]
[admin.pixelstrap.com/poco/assets/images/masonry/13.jpg]
[admin.pixelstrap.com/poco/assets/js/isotope.pkgd.js]
[admin.pixelstrap.com/poco/assets/js/animation/aos/aos.js]
[admin.pixelstrap.com/poco/assets/js/animation/aos/aos-init.js]
[admin.pixelstrap.com/poco/assets/js/animation/tilt/tilt.jquery.js]
[admin.pixelstrap.com/poco/assets/js/animation/tilt/tilt-custom.js]
[admin.pixelstrap.com/poco/assets/js/animation/wow/wow.min.js]
[admin.pixelstrap.com/poco/assets/js/animation/wow/wow-init.js]
[admin.pixelstrap.com/poco/assets/js/hide-on-scroll.js]
[admin.pixelstrap.com/poco/assets/js/dragable/sortable.js]
[admin.pixelstrap.com/poco/assets/js/dragable/sortable-custom.js]
[admin.pixelstrap.com/poco/assets/css/button-builder.css]
[admin.pixelstrap.com/poco/assets/js/button-builder/colorpicker.js]
[admin.pixelstrap.com/poco/assets/js/button-builder/clipboard.min.js]
[admin.pixelstrap.com/poco/assets/js/button-builder/generator.js]
[admin.pixelstrap.com/poco/assets/js/button-builder/extend-1.0.js]
[admin.pixelstrap.com/poco/assets/js/form-builder/form-builder-1/require.js]
[admin.pixelstrap.com/poco/assets/js/form-builder/form-builder-1/main-built.js]
[admin.pixelstrap.com/poco/assets/js/form-validation-custom.js]
[admin.pixelstrap.com/poco/assets/css/timepicker.css]
[admin.pixelstrap.com/poco/assets/js/time-picker/jquery-clockpicker.min.js]
[admin.pixelstrap.com/poco/assets/js/time-picker/highlight.min.js]
[admin.pixelstrap.com/poco/assets/js/time-picker/clockpicker.js]
[admin.pixelstrap.com/poco/assets/css/bootstrap-datetimepicker.min.css]
[admin.pixelstrap.com/poco/assets/js/datepicker/date-time-picker/moment.min.js]
[admin.pixelstrap.com/poco/assets/js/datepicker/date-time-picker/tempusdominus-bootstrap-4.min.js]
[admin.pixelstrap.com/poco/assets/js/datepicker/date-time-picker/datetimepicker.custom.js]
[admin.pixelstrap.com/poco/assets/css/daterange-picker.css]
[admin.pixelstrap.com/poco/assets/js/datepicker/daterange-picker/moment.min.js]
[admin.pixelstrap.com/poco/assets/js/datepicker/daterange-picker/daterangepicker.js]
[admin.pixelstrap.com/poco/assets/js/datepicker/daterange-picker/daterange-picker.custom.js]
[admin.pixelstrap.com/poco/assets/js/touchspin/vendors.min.js]
[admin.pixelstrap.com/poco/assets/js/touchspin/touchspin.js]
[admin.pixelstrap.com/poco/assets/js/touchspin/input-groups.min.js]
[admin.pixelstrap.com/poco/assets/css/select2.css]
[admin.pixelstrap.com/poco/assets/js/select2/select2.full.min.js]
[admin.pixelstrap.com/poco/assets/js/select2/select2-custom.js]
[admin.pixelstrap.com/poco/assets/js/clipboard/clipboard-script.js]
[admin.pixelstrap.com/poco/assets/js/form-wizard/form-wizard.js]
[admin.pixelstrap.com/poco/assets/js/form-wizard/form-wizard-two.js]
[admin.pixelstrap.com/poco/assets/js/form-wizard/form-wizard-three.js]
[admin.pixelstrap.com/poco/assets/js/form-wizard/jquery.backstretch.min.js]
[admin.pixelstrap.com/poco/assets/js/form-wizard/form-wizard-five.js]
[admin.pixelstrap.com/poco/assets/css/datatables.css]
[admin.pixelstrap.com/poco/assets/js/datatable/datatables/jquery.dataTables.min.js]
[admin.pixelstrap.com/poco/assets/js/datatable/datatables/datatable.custom.js]
[admin.pixelstrap.com/poco/assets/css/datatable-extension.css]
[admin.pixelstrap.com/poco/assets/js/datatable/datatable-extension/dataTables.buttons.min.js]
[admin.pixelstrap.com/poco/assets/js/datatable/datatable-extension/jszip.min.js]
[admin.pixelstrap.com/poco/assets/js/datatable/datatable-extension/buttons.colVis.min.js]
[admin.pixelstrap.com/poco/assets/js/datatable/datatable-extension/pdfmake.min.js]
[admin.pixelstrap.com/poco/assets/js/datatable/datatable-extension/vfs_fonts.js]
[admin.pixelstrap.com/poco/assets/js/datatable/datatable-extension/dataTables.autoFill.min.js]
[admin.pixelstrap.com/poco/assets/js/datatable/datatable-extension/dataTables.select.min.js]
[admin.pixelstrap.com/poco/assets/js/datatable/datatable-extension/buttons.bootstrap4.min.js]
[admin.pixelstrap.com/poco/assets/js/datatable/datatable-extension/buttons.html5.min.js]
[admin.pixelstrap.com/poco/assets/js/datatable/datatable-extension/buttons.print.min.js]
[admin.pixelstrap.com/poco/assets/js/datatable/datatable-extension/dataTables.bootstrap4.min.js]
[admin.pixelstrap.com/poco/assets/js/datatable/datatable-extension/dataTables.responsive.min.js]
[admin.pixelstrap.com/poco/assets/js/datatable/datatable-extension/responsive.bootstrap4.min.js]
[admin.pixelstrap.com/poco/assets/js/datatable/datatable-extension/dataTables.keyTable.min.js]
[admin.pixelstrap.com/poco/assets/js/datatable/datatable-extension/dataTables.colReorder.min.js]
[admin.pixelstrap.com/poco/assets/js/datatable/datatable-extension/dataTables.fixedHeader.min.js]
[admin.pixelstrap.com/poco/assets/js/datatable/datatable-extension/dataTables.rowReorder.min.js]
[admin.pixelstrap.com/poco/assets/js/datatable/datatable-extension/dataTables.scroller.min.js]
[admin.pixelstrap.com/poco/assets/js/datatable/datatable-extension/custom.js]
[admin.pixelstrap.com/poco/assets/css/jsgrid.css]
[admin.pixelstrap.com/poco/assets/js/jsgrid/jsgrid.min.js]
[admin.pixelstrap.com/poco/assets/js/jsgrid/griddata.js]
[admin.pixelstrap.com/poco/assets/js/jsgrid/jsgrid.js]
[admin.pixelstrap.com/poco/assets/js/chart/apex-chart/chart-custom.js]
[admin.pixelstrap.com/poco/assets/js/chart/google/google-chart-loader.js]
[admin.pixelstrap.com/poco/assets/js/chart/google/google-chart.js]
[admin.pixelstrap.com/poco/assets/js/chart/sparkline/sparkline.js]
[admin.pixelstrap.com/poco/assets/js/chart/sparkline/sparkline-script.js]
[admin.pixelstrap.com/poco/assets/js/chart/flot-chart/excanvas.js]
[admin.pixelstrap.com/poco/assets/js/chart/flot-chart/jquery.flot.js]
[admin.pixelstrap.com/poco/assets/js/chart/flot-chart/jquery.flot.time.js]
[admin.pixelstrap.com/poco/assets/js/chart/flot-chart/jquery.flot.categories.js]
[admin.pixelstrap.com/poco/assets/js/chart/flot-chart/jquery.flot.stack.js]
[admin.pixelstrap.com/poco/assets/js/chart/flot-chart/jquery.flot.pie.js]
[admin.pixelstrap.com/poco/assets/js/chart/flot-chart/jquery.flot.symbol.js]
[admin.pixelstrap.com/poco/assets/js/chart/flot-chart/flot-script.js]
[admin.pixelstrap.com/poco/assets/js/chart/knob/knob.min.js]
[admin.pixelstrap.com/poco/assets/js/chart/knob/knob-chart.js]
[admin.pixelstrap.com/poco/assets/js/chart/morris-chart/raphael.js]
[admin.pixelstrap.com/poco/assets/js/chart/morris-chart/morris.js]
[admin.pixelstrap.com/poco/assets/js/chart/morris-chart/prettify.min.js]
[admin.pixelstrap.com/poco/assets/js/chart/morris-chart/morris-script.js]
[admin.pixelstrap.com/poco/assets/js/chart/chartjs/chart.min.js]
[admin.pixelstrap.com/poco/assets/js/chart/chartjs/chart.custom.js]
[admin.pixelstrap.com/poco/assets/js/chart/chartist/chartist-custom.js]
[admin.pixelstrap.com/poco/assets/js/chart/peity-chart/peity.jquery.js]
[admin.pixelstrap.com/poco/assets/js/chart/peity-chart/peity-custom.js]
[admin.pixelstrap.com/poco/assets/js/ecommerce.js]
[admin.pixelstrap.com/poco/assets/images/ecommerce/product-table-1.png]
[admin.pixelstrap.com/poco/assets/images/ecommerce/product-table-2.png]
[admin.pixelstrap.com/poco/assets/images/ecommerce/product-table-3.png]
[admin.pixelstrap.com/poco/assets/images/ecommerce/product-table-4.png]
[admin.pixelstrap.com/poco/assets/images/ecommerce/product-table-5.png]
[admin.pixelstrap.com/poco/assets/images/ecommerce/product-table-6.png]
[admin.pixelstrap.com/poco/assets/js/product-list-custom.js]
[admin.pixelstrap.com/poco/assets/images/ecommerce/card.png]
[admin.pixelstrap.com/poco/assets/images/ecommerce/mastercard.png]
[admin.pixelstrap.com/poco/assets/images/ecommerce/visa.png]
[admin.pixelstrap.com/poco/assets/images/ecommerce/paypal.png]
[admin.pixelstrap.com/poco/assets/images/product/1.png]
[admin.pixelstrap.com/poco/assets/images/product/13.png]
[admin.pixelstrap.com/poco/assets/images/product/4.png]
[admin.pixelstrap.com/poco/assets/images/product/10.png]
[admin.pixelstrap.com/poco/assets/images/product/12.png]
[admin.pixelstrap.com/poco/assets/images/product/3.png]
[admin.pixelstrap.com/poco/assets/images/product/2.png]
[admin.pixelstrap.com/poco/assets/images/product/15.png]
[admin.pixelstrap.com/poco/assets/images/product/14.png]
[admin.pixelstrap.com/poco/assets/images/product/11.png]
[admin.pixelstrap.com/poco/assets/css/print.css]
[admin.pixelstrap.com/poco/assets/images/other-images/paypal.png]
[admin.pixelstrap.com/poco/assets/js/print.js]
[admin.pixelstrap.com/poco/assets/images/blog/blog.jpg]
[admin.pixelstrap.com/poco/assets/images/blog/blog-2.jpg]
[admin.pixelstrap.com/poco/assets/images/blog/blog-3.jpg]
[admin.pixelstrap.com/poco/assets/images/blog/blog-5.jpg]
[admin.pixelstrap.com/poco/assets/images/blog/blog-6.jpg]
[admin.pixelstrap.com/poco/assets/images/blog/blog-single.jpg]
[admin.pixelstrap.com/poco/assets/images/blog/12.png]
[admin.pixelstrap.com/poco/assets/images/blog/14.png]
[admin.pixelstrap.com/poco/assets/js/editor/ckeditor/ckeditor.js]
[admin.pixelstrap.com/poco/assets/js/editor/ckeditor/styles.js]
[admin.pixelstrap.com/poco/assets/js/editor/ckeditor/adapters/jquery.js]
[admin.pixelstrap.com/poco/assets/js/email-app.js]
[admin.pixelstrap.com/poco/assets/audio/horse.ogg]
[admin.pixelstrap.com/poco/assets/js/timeline/timeline-v-1/main.js]
[admin.pixelstrap.com/poco/assets/js/timeline/timeline-v-2/jquery.timeliny.min.js]
[admin.pixelstrap.com/poco/assets/js/timeline/timeline-v-2/timeline-v-2-custom.js]
[admin.pixelstrap.com/poco/assets/js/masonry-gallery.js]
[admin.pixelstrap.com/poco/assets/images/user/user.png]
[admin.pixelstrap.com/poco/assets/images/email/1.jpg]
[admin.pixelstrap.com/poco/assets/images/email/2.jpg]
[admin.pixelstrap.com/poco/assets/images/email/3.jpg]
[admin.pixelstrap.com/poco/assets/images/other-images/receiver-img.jpg]
[admin.pixelstrap.com/poco/assets/images/other-images/caller.jpg]
[admin.pixelstrap.com/poco/assets/css/todo.css]
[admin.pixelstrap.com/poco/assets/js/todo/todo.js]
[admin.pixelstrap.com/poco/assets/css/summernote.css]
[admin.pixelstrap.com/poco/assets/js/editor/summernote/summernote.js]
[admin.pixelstrap.com/poco/assets/js/editor/summernote/summernote.custom.js]
[admin.pixelstrap.com/poco/assets/js/editor/ckeditor/ckeditor.custom.js]
[admin.pixelstrap.com/poco/assets/css/simple-mde.css]
[admin.pixelstrap.com/poco/assets/js/editor/simple-mde/simplemde.min.js]
[admin.pixelstrap.com/poco/assets/js/editor/simple-mde/simplemde.custom.js]
[admin.pixelstrap.com/poco/assets/js/editor/ace-editor/ace.js]
[admin.pixelstrap.com/poco/assets/js/editor/ace-editor/ace-custom.js]
[admin.pixelstrap.com/poco/assets/js/editor/ace-editor/mode-css.js]
[admin.pixelstrap.com/poco/assets/js/editor/ace-editor/mode-html.js]
[admin.pixelstrap.com/poco/assets/js/editor/ace-editor/mode-javascript.js]
[admin.pixelstrap.com/poco/assets/js/editor/ace-editor/mode-php.js]
[admin.pixelstrap.com/poco/assets/js/editor/ace-editor/theme-monokai.js]
[admin.pixelstrap.com/poco/assets/js/editor/ace-editor/worker-css.js]
[admin.pixelstrap.com/poco/assets/js/editor/ace-editor/worker-html.js]
[admin.pixelstrap.com/poco/assets/js/editor/ace-editor/worker-javascript.js]
[admin.pixelstrap.com/poco/assets/js/editor/ace-editor/worker-php.js]
[admin.pixelstrap.com/poco/assets/js/internationalization/language-picker.js]
[admin.pixelstrap.com/poco/assets/css/mapsjs-ui.css]
[admin.pixelstrap.com/poco/assets/js/map-js/mapsjs-core.js]
[admin.pixelstrap.com/poco/assets/js/map-js/mapsjs-service.js]
[admin.pixelstrap.com/poco/assets/js/map-js/mapsjs-ui.js]
[admin.pixelstrap.com/poco/assets/js/map-js/mapsjs-mapevents.js]
[admin.pixelstrap.com/poco/assets/js/map-js/custom.js]
[admin.pixelstrap.com/poco/assets/css/vector-map.css]
[admin.pixelstrap.com/poco/assets/js/vector-map/jquery-jvectormap-2.0.2.min.js]
[admin.pixelstrap.com/poco/assets/js/vector-map/map/jquery-jvectormap-world-mill-en.js]
[admin.pixelstrap.com/poco/assets/js/vector-map/map/jquery-jvectormap-us-aea-en.js]
[admin.pixelstrap.com/poco/assets/js/vector-map/map/jquery-jvectormap-uk-mill-en.js]
[admin.pixelstrap.com/poco/assets/js/vector-map/map/jquery-jvectormap-au-mill.js]
[admin.pixelstrap.com/poco/assets/js/vector-map/map/jquery-jvectormap-chicago-mill-en.js]
[admin.pixelstrap.com/poco/assets/js/vector-map/map/jquery-jvectormap-in-mill.js]
[admin.pixelstrap.com/poco/assets/js/vector-map/map/jquery-jvectormap-asia-mill.js]
[admin.pixelstrap.com/poco/assets/js/vector-map/map-vector.js]
[admin.pixelstrap.com/poco/assets/images/user/9.jpg]
[admin.pixelstrap.com/poco/assets/js/support-ticket-custom.js]
[admin.pixelstrap.com/poco/assets/images/other-images/sad.png]
[admin.pixelstrap.com/poco/assets/js/login.js]
[admin.pixelstrap.com/poco/assets/js/countdown.js]
[admin.pixelstrap.com/poco/assets/video/auth-bg.mp4]
[admin.pixelstrap.com/poco/assets/images/lightgallry/default-skin.png]
[admin.pixelstrap.com/poco/assets/images/lightgallry/default-skin.svg]
[admin.pixelstrap.com/poco/assets/css/preloader.gif]
